consign v0.1.6 Initialized in /home/user/workspace/Controle-Financeiro-Postgres V2
+ ./models/Categoria.js
+ ./models/Movimentacao.js
+ ./models/Usuario.js
+ ./models/index.js
+ ./controllers/authController.js
+ ./controllers/categoriaController.js
+ ./controllers/debugController.js
+ ./controllers/movimentacaoController.js
+ ./routes/authRoutes.js
+ ./routes/categoriaRoutes.js
+ ./routes/debugRoutes.js
+ ./routes/index.js
+ ./routes/movimentacaoRoutes.js
Conexão com o PostgreSQL estabelecida com sucesso.
Servidor rodando na porta 8000
Acesse: http://localhost:8000
Categorias iniciais criadas com sucesso!
Banco de dados inicializado com sucesso!
Saldo do usuário 1 atualizado para: 37741.580000000016
Saldo do usuário 1 atualizado para: 37741.580000000016
Saldo do usuário 1 atualizado para: 39371.100000000006
Verificando criação de parcelas: unica 2
Saldo do usuário 1 atualizado para: 39291.100000000006
Verificando criação de parcelas: unica 2
Saldo do usuário 1 atualizado para: 39291.100000000006
Saldo do usuário 1 atualizado para: 38966.73999999999
Verificando criação de parcelas: unica 2
Saldo do usuário 1 atualizado para: 38900.73999999999
Verificando criação de parcelas: unica 2
